Chronologic VCS simulator copyright 1991-2005
Contains Synopsys proprietary information.
Compiler version X-2005.06-SP1; Runtime version X-2005.06-SP1;  Sep 19 20:56 2006

@@
@@
@@                     0  Asserting System reset......
@@
@@                     0 : System STILL at reset, can't show anything
@@
@@
@@                   100 : System STILL at reset, can't show anything
@@
@@
@@                   200 : System STILL at reset, can't show anything
@@
@@
@@                   300 : System STILL at reset, can't show anything
@@
@@                   360  Deasserting System reset......
@@
@@
@@@ Unified Memory contents hex on left, decimal on right: 
@@@
@@@ mem[    0] = 221f000e23df1000 : 2458683982298943488
@@@ mem[    8] = 203f0400d3400003 : 2323580334337163267
@@@ mem[   16] = 00000555b4010000 : 5865650323456
@@@ mem[   24] = 420035a1e6000010 : 4755860175968010256
@@@ mem[   32] = 43c4153ef420000e : 4883051256104353806
@@@ mem[   40] = b61e0000b75e0018 : 13122926367280594968
@@@ mem[   48] = d35ffff842003530 : 15231173906514588976
@@@ mem[   56] = a61e0000b41e0008 : 11970004862619222024
@@@ mem[   64] = d35ffff442005530 : 15231173889334727984
@@@ mem[   72] = 40200400a43e0008 : 4620697618484166664
@@@ mem[   80] = 43c4141ea75e0018 : 4883050017865990168
@@@ mem[   88] = 47e034006bfa8001 : 5179196747892293633
@@@ mem[   96] = 000000006bfa8001 : 1811578881
@@@
@@@ mem[ 1024] = 0000000000000262 : 610
@@@
@@@ mem[ 3680] = 0000000000000002 : 2
@@@ mem[ 3688] = 0000000000000001 : 1
@@@
@@@ mem[ 3704] = 0000000000000038 : 56
@@@ mem[ 3712] = 0000000000000002 : 2
@@@ mem[ 3720] = 0000000000000001 : 1
@@@
@@@ mem[ 3736] = 0000000000000038 : 56
@@@ mem[ 3744] = 0000000000000002 : 2
@@@ mem[ 3752] = 0000000000000001 : 1
@@@
@@@ mem[ 3768] = 0000000000000038 : 56
@@@ mem[ 3776] = 0000000000000002 : 2
@@@ mem[ 3784] = 0000000000000001 : 1
@@@
@@@ mem[ 3800] = 0000000000000038 : 56
@@@ mem[ 3808] = 0000000000000002 : 2
@@@ mem[ 3816] = 0000000000000001 : 1
@@@
@@@ mem[ 3832] = 0000000000000038 : 56
@@@ mem[ 3840] = 0000000000000002 : 2
@@@ mem[ 3848] = 0000000000000001 : 1
@@@
@@@ mem[ 3864] = 0000000000000038 : 56
@@@ mem[ 3872] = 0000000000000002 : 2
@@@ mem[ 3880] = 0000000000000001 : 1
@@@
@@@ mem[ 3896] = 0000000000000048 : 72
@@@ mem[ 3904] = 0000000000000004 : 4
@@@ mem[ 3912] = 0000000000000003 : 3
@@@
@@@ mem[ 3928] = 0000000000000048 : 72
@@@ mem[ 3936] = 0000000000000006 : 6
@@@ mem[ 3944] = 0000000000000008 : 8
@@@
@@@ mem[ 3960] = 0000000000000048 : 72
@@@ mem[ 3968] = 0000000000000008 : 8
@@@ mem[ 3976] = 0000000000000015 : 21
@@@
@@@ mem[ 3992] = 0000000000000048 : 72
@@@ mem[ 4000] = 000000000000000a : 10
@@@ mem[ 4008] = 0000000000000037 : 55
@@@
@@@ mem[ 4024] = 0000000000000048 : 72
@@@ mem[ 4032] = 000000000000000c : 12
@@@ mem[ 4040] = 0000000000000090 : 144
@@@
@@@ mem[ 4056] = 0000000000000048 : 72
@@@ mem[ 4064] = 000000000000000e : 14
@@@ mem[ 4072] = 0000000000000179 : 377
@@@
@@@ mem[ 4088] = 000000000000000c : 12
@@@
@@@
@@               2574820 : System halted
@@
@@@ System halted on HALT instruction
@@@
@@
@@  25745 cycles / 12942 instrs = 1.989260 CPI
@@
@@  772320.00 ns total time to execute
@@

$finish at simulation time              2575820
           V C S   S i m u l a t i o n   R e p o r t 
Time: 257582000 ps
CPU Time:      0.700 seconds;       Data structure size:   0.3Mb
Tue Sep 19 20:56:05 2006
