Chronologic VCS simulator copyright 1991-2005
Contains Synopsys proprietary information.
Compiler version X-2005.06-SP1; Runtime version X-2005.06-SP1;  Sep 19 20:55 2006

@@
@@
@@                     0  Asserting System reset......
@@
@@                     0 : System STILL at reset, can't show anything
@@
@@
@@                   100 : System STILL at reset, can't show anything
@@
@@
@@                   200 : System STILL at reset, can't show anything
@@
@@
@@                   300 : System STILL at reset, can't show anything
@@
@@                   360  Deasserting System reset......
@@
@@
@@@ Unified Memory contents hex on left, decimal on right: 
@@@
@@@ mem[    0] = 203f100020bf0000 : 2323593525481897984
@@@ mem[    8] = b44100004ca15402 : 12988662801598862338
@@@ mem[   16] = b4610100a4610000 : 12997671101837410304
@@@ mem[   24] = 40a0340540211401 : 4656779211856483329
@@@ mem[   32] = f49ffff840a1fda4 : 17627088908252741028
@@@ mem[   40] = 0000000000000555 : 1365
@@@
@@@ mem[ 4104] = 000000000000000a : 10
@@@ mem[ 4112] = 0000000000000014 : 20
@@@ mem[ 4120] = 000000000000001e : 30
@@@ mem[ 4128] = 0000000000000028 : 40
@@@ mem[ 4136] = 0000000000000032 : 50
@@@ mem[ 4144] = 000000000000003c : 60
@@@ mem[ 4152] = 0000000000000046 : 70
@@@ mem[ 4160] = 0000000000000050 : 80
@@@ mem[ 4168] = 000000000000005a : 90
@@@ mem[ 4176] = 0000000000000064 : 100
@@@ mem[ 4184] = 000000000000006e : 110
@@@ mem[ 4192] = 0000000000000078 : 120
@@@ mem[ 4200] = 0000000000000082 : 130
@@@ mem[ 4208] = 000000000000008c : 140
@@@ mem[ 4216] = 0000000000000096 : 150
@@@
@@@ mem[ 4360] = 000000000000000a : 10
@@@ mem[ 4368] = 0000000000000014 : 20
@@@ mem[ 4376] = 000000000000001e : 30
@@@ mem[ 4384] = 0000000000000028 : 40
@@@ mem[ 4392] = 0000000000000032 : 50
@@@ mem[ 4400] = 000000000000003c : 60
@@@ mem[ 4408] = 0000000000000046 : 70
@@@ mem[ 4416] = 0000000000000050 : 80
@@@ mem[ 4424] = 000000000000005a : 90
@@@ mem[ 4432] = 0000000000000064 : 100
@@@ mem[ 4440] = 000000000000006e : 110
@@@ mem[ 4448] = 0000000000000078 : 120
@@@ mem[ 4456] = 0000000000000082 : 130
@@@ mem[ 4464] = 000000000000008c : 140
@@@ mem[ 4472] = 0000000000000096 : 150
@@@
@@@
@@                 23120 : System halted
@@
@@@ System halted on HALT instruction
@@@
@@
@@  228 cycles / 130 instrs = 1.753846 CPI
@@
@@  6810.00 ns total time to execute
@@

$finish at simulation time                24120
           V C S   S i m u l a t i o n   R e p o r t 
Time: 2412000 ps
CPU Time:      0.070 seconds;       Data structure size:   0.3Mb
Tue Sep 19 20:55:05 2006
